<?xml version="1.0" encoding="UTF-8"?>
<testsuite xmlns:xsi="http://www.w3.org/2001/XMLSchema-instance" xsi:noNamespaceSchemaLocation="https://maven.apache.org/surefire/maven-surefire-plugin/xsd/surefire-test-report-3.0.xsd" version="3.0" name="com.openclassrooms.SpringSecurityAuthApplicationTests" time="2.332" tests="1" errors="0" skipped="0" failures="0">
  <properties>
[...]
</properties>
  <testcase name="contextLoads" classname="com.openclassrooms.SpringSecurityAuthApplicationTests" time="0.655">
    <system-out><![CDATA[00:07:05.177 [main] INFO org.springframework.test.context.support.AnnotationConfigContextLoaderUtils -- Could not detect default configuration classes for test class [com.openclassrooms.SpringSecurityAuthApplicationTests]: SpringSecurityAuthApplicationTests does not declare any static, non-private, non-final, nested classes annotated with @Configuration.
00:07:05.258 [main] INFO org.springframework.boot.test.context.SpringBootTestContextBootstrapper -- Found @SpringBootConfiguration com.openclassrooms.SpringSecurityAuthApplication for test class com.openclassrooms.SpringSecurityAuthApplicationTests

  .   ____          _            __ _ _
 /\\ / ___'_ __ _ _(_)_ __  __ _ \ \ \ \
( ( )\___ | '_ | '_| | '_ \/ _` | \ \ \ \
 \\/  ___)| |_)| | | | | || (_| |  ) ) ) )
  '  |____| .__|_| |_|_| |_\__, | / / / /
 =========|_|==============|___/=/_/_/_/
 :: Spring Boot ::                (v3.1.2)

2024-02-19T00:07:05.546+01:00  INFO 17736 --- [           main] c.o.SpringSecurityAuthApplicationTests   : Starting SpringSecurityAuthApplicationTests using Java 17.0.8 with PID 17736 (started by marie in C:\Users\marie\Documents\Projet-Eclipse-Java\OC-Api-Spring-Security-Auth-Avec-JWT)
2024-02-19T00:07:05.547+01:00  INFO 17736 --- [           main] c.o.SpringSecurityAuthApplicationTests   : No active profile set, falling back to 1 default profile: "default"
2024-02-19T00:07:06.414+01:00  INFO 17736 --- [           main] o.s.s.web.DefaultSecurityFilterChain     : Will secure any request with [org.springframework.security.web.session.DisableEncodeUrlFilter@1eb6758, org.springframework.security.web.context.request.async.WebAsyncManagerIntegrationFilter@18a6243, org.springframework.security.web.context.SecurityContextHolderFilter@180cf2c, org.springframework.security.web.header.HeaderWriterFilter@67c0d, org.springframework.security.web.authentication.logout.LogoutFilter@1c73fff, org.springframework.security.oauth2.server.resource.web.authentication.BearerTokenAuthenticationFilter@89a8a8, org.springframework.security.web.authentication.www.BasicAuthenticationFilter@1f40689, org.springframework.security.web.savedrequest.RequestCacheAwareFilter@19de304, org.springframework.security.web.servletapi.SecurityContextHolderAwareRequestFilter@1db774f, org.springframework.security.web.authentication.AnonymousAuthenticationFilter@8ffd75, org.springframework.security.web.session.SessionManagementFilter@87de2b, org.springframework.security.web.access.ExceptionTranslationFilter@147731f, org.springframework.security.web.access.intercept.AuthorizationFilter@bb0072]
2024-02-19T00:07:06.705+01:00  INFO 17736 --- [           main] c.o.SpringSecurityAuthApplicationTests   : Started SpringSecurityAuthApplicationTests in 1.335 seconds (process running for 2.129)
]]></system-out>
  </testcase>
</testsuite>